2021-01-05 17:01:59.602 parsl:607 Rank:0 [INFO]  Python version: 3.8.1 (default, Jan 20 2020, 04:56:27) 
[GCC 6.2.0]
2021-01-05 17:01:59.603 parsl:608 Rank:0 [INFO]  Debug logging: True
2021-01-05 17:01:59.603 parsl:609 Rank:0 [INFO]  Log dir: /gpfs/data/gao-lab/Julian/gaolab_hub/projects/prs_aa_ancestry/cri/sbayesr_parsl/runinfo/000/plink1_express_2gb_1core
2021-01-05 17:01:59.603 parsl:610 Rank:0 [INFO]  Manager ID: 12fa34a98a8b
2021-01-05 17:01:59.603 parsl:611 Rank:0 [INFO]  Block ID: 0
2021-01-05 17:01:59.603 parsl:612 Rank:0 [INFO]  cores_per_worker: 1
2021-01-05 17:01:59.604 parsl:613 Rank:0 [INFO]  mem_per_worker: None
2021-01-05 17:01:59.604 parsl:614 Rank:0 [INFO]  task_port: 54842
2021-01-05 17:01:59.604 parsl:615 Rank:0 [INFO]  result_port: 54785
2021-01-05 17:01:59.604 parsl:616 Rank:0 [INFO]  addresses: cri16in001
2021-01-05 17:01:59.604 parsl:617 Rank:0 [INFO]  max_workers: inf
2021-01-05 17:01:59.604 parsl:618 Rank:0 [INFO]  poll_period: 10
2021-01-05 17:01:59.605 parsl:619 Rank:0 [INFO]  address_probe_timeout: 30
2021-01-05 17:01:59.605 parsl:620 Rank:0 [INFO]  Prefetch capacity: 0
2021-01-05 17:01:59.605 parsl:621 Rank:0 [INFO]  Heartbeat threshold: 120
2021-01-05 17:01:59.605 parsl:622 Rank:0 [INFO]  Heartbeat period: 30
2021-01-05 17:01:59.605 parsl:122 Rank:0 [INFO]  Manager started
2021-01-05 17:01:59.606 parsl.executors.high_throughput.probe:34 Rank:0 [DEBUG]  Trying to connect back on tcp://cri16in001:54842
2021-01-05 17:01:59.617 parsl.executors.high_throughput.probe:47 Rank:0 [INFO]  Connected to interchange on cri16in001
2021-01-05 17:01:59.618 parsl:129 Rank:0 [INFO]  Connection to Interchange successful on cri16in001
2021-01-05 17:01:59.618 parsl:132 Rank:0 [INFO]  Task url : tcp://cri16in001:54842
2021-01-05 17:01:59.618 parsl:133 Rank:0 [INFO]  Result url : tcp://cri16in001:54785
2021-01-05 17:01:59.619 parsl:151 Rank:0 [INFO]  Manager connected
2021-01-05 17:01:59.622 parsl:177 Rank:0 [INFO]  Manager will spawn 28 workers
2021-01-05 17:01:59.931 parsl:399 Rank:0 [DEBUG]  Manager synced with workers
2021-01-05 17:01:59.953 parsl:228 Rank:0 [INFO]  [TASK PULL THREAD] starting
2021-01-05 17:01:59.964 parsl:234 Rank:0 [DEBUG]  Sending registration message: b'{"parsl_v": "1.0.0", "python_v": "3.8.1", "worker_count": 28, "block_id": "0", "prefetch_capacity": 0, "max_capacity": 28, "os": "Linux", "hostname": "cri16cn001", "dir": "/gpfs/data/gao-lab/Julian/gaolab_hub/projects/prs_aa_ancestry/cri/sbayesr_parsl", "cpu_count": 28, "total_memory": 135210475520, "reg_time": "2021-01-05 17:01:59"}'
2021-01-05 17:01:59.967 parsl:308 Rank:0 [DEBUG]  [RESULT_PUSH_THREAD] Starting thread
2021-01-05 17:01:59.967 parsl:311 Rank:0 [DEBUG]  [RESULT_PUSH_THREAD] push poll period: 0.01
2021-01-05 17:01:59.973 parsl:246 Rank:0 [DEBUG]  [TASK_PULL_THREAD] ready workers:18, pending tasks:0
2021-01-05 17:01:59.974 parsl:254 Rank:0 [DEBUG]  [TASK_PULL_THREAD] Requesting tasks: 18
2021-01-05 17:01:59.974 parsl:344 Rank:0 [DEBUG]  [WORKER_WATCHDOG_THREAD] Starting thread
2021-01-05 17:01:59.974 parsl:414 Rank:0 [INFO]  Loop start
2021-01-05 17:01:59.978 parsl:276 Rank:0 [DEBUG]  [TASK_PULL_THREAD] Got tasks: [1] of 1
2021-01-05 17:01:59.981 parsl:246 Rank:0 [DEBUG]  [TASK_PULL_THREAD] ready workers:19, pending tasks:1
2021-01-05 17:01:59.981 parsl:254 Rank:0 [DEBUG]  [TASK_PULL_THREAD] Requesting tasks: 19
2021-01-05 17:01:59.981 parsl:285 Rank:0 [DEBUG]  [TASK_PULL_THREAD] No incoming tasks
2021-01-05 17:01:59.981 parsl:246 Rank:0 [DEBUG]  [TASK_PULL_THREAD] ready workers:19, pending tasks:1
2021-01-05 17:01:59.981 parsl:254 Rank:0 [DEBUG]  [TASK_PULL_THREAD] Requesting tasks: 19
2021-01-05 17:02:00.004 parsl:285 Rank:0 [DEBUG]  [TASK_PULL_THREAD] No incoming tasks
2021-01-05 17:02:00.004 parsl:246 Rank:0 [DEBUG]  [TASK_PULL_THREAD] ready workers:22, pending tasks:0
2021-01-05 17:02:00.004 parsl:254 Rank:0 [DEBUG]  [TASK_PULL_THREAD] Requesting tasks: 22
2021-01-05 17:02:00.044 parsl:285 Rank:0 [DEBUG]  [TASK_PULL_THREAD] No incoming tasks
2021-01-05 17:02:00.046 parsl:246 Rank:0 [DEBUG]  [TASK_PULL_THREAD] ready workers:27, pending tasks:0
2021-01-05 17:02:00.046 parsl:254 Rank:0 [DEBUG]  [TASK_PULL_THREAD] Requesting tasks: 27
2021-01-05 17:02:00.046 parsl.addresses:63 Rank:0 [DEBUG]  Finding address by using local hostname
2021-01-05 17:02:00.046 parsl.addresses:65 Rank:0 [DEBUG]  Address found: cri16cn001
2021-01-05 17:02:00.049 parsl.executors.high_throughput.executor:186 Rank:0 [DEBUG]  Initializing HighThroughputExecutor
2021-01-05 17:02:00.050 parsl.addresses:63 Rank:0 [DEBUG]  Finding address by using local hostname
2021-01-05 17:02:00.050 parsl.addresses:65 Rank:0 [DEBUG]  Address found: cri16cn001
2021-01-05 17:02:00.051 parsl.executors.high_throughput.executor:186 Rank:0 [DEBUG]  Initializing HighThroughputExecutor
2021-01-05 17:02:00.051 parsl.addresses:63 Rank:0 [DEBUG]  Finding address by using local hostname
2021-01-05 17:02:00.052 parsl.addresses:65 Rank:0 [DEBUG]  Address found: cri16cn001
2021-01-05 17:02:00.053 parsl.executors.high_throughput.executor:186 Rank:0 [DEBUG]  Initializing HighThroughputExecutor
2021-01-05 17:02:00.126 parsl:285 Rank:0 [DEBUG]  [TASK_PULL_THREAD] No incoming tasks
2021-01-05 17:02:00.126 parsl:246 Rank:0 [DEBUG]  [TASK_PULL_THREAD] ready workers:27, pending tasks:0
2021-01-05 17:02:00.127 parsl:254 Rank:0 [DEBUG]  [TASK_PULL_THREAD] Requesting tasks: 27
2021-01-05 17:02:00.287 parsl:285 Rank:0 [DEBUG]  [TASK_PULL_THREAD] No incoming tasks
2021-01-05 17:02:00.287 parsl:246 Rank:0 [DEBUG]  [TASK_PULL_THREAD] ready workers:27, pending tasks:0
2021-01-05 17:02:00.287 parsl:254 Rank:0 [DEBUG]  [TASK_PULL_THREAD] Requesting tasks: 27
2021-01-05 17:02:00.424 parsl:276 Rank:0 [DEBUG]  [TASK_PULL_THREAD] Got tasks: [2] of 2
2021-01-05 17:02:00.424 parsl:246 Rank:0 [DEBUG]  [TASK_PULL_THREAD] ready workers:28, pending tasks:1
2021-01-05 17:02:00.424 parsl:254 Rank:0 [DEBUG]  [TASK_PULL_THREAD] Requesting tasks: 28
2021-01-05 17:02:00.425 parsl:285 Rank:0 [DEBUG]  [TASK_PULL_THREAD] No incoming tasks
2021-01-05 17:02:00.425 parsl:246 Rank:0 [DEBUG]  [TASK_PULL_THREAD] ready workers:28, pending tasks:1
2021-01-05 17:02:00.425 parsl:254 Rank:0 [DEBUG]  [TASK_PULL_THREAD] Requesting tasks: 28
2021-01-05 17:02:00.441 parsl.addresses:63 Rank:0 [DEBUG]  Finding address by using local hostname
2021-01-05 17:02:00.441 parsl.addresses:65 Rank:0 [DEBUG]  Address found: cri16cn001
2021-01-05 17:02:00.444 parsl.executors.high_throughput.executor:186 Rank:0 [DEBUG]  Initializing HighThroughputExecutor
2021-01-05 17:02:00.444 parsl.addresses:63 Rank:0 [DEBUG]  Finding address by using local hostname
2021-01-05 17:02:00.444 parsl.addresses:65 Rank:0 [DEBUG]  Address found: cri16cn001
2021-01-05 17:02:00.445 parsl:285 Rank:0 [DEBUG]  [TASK_PULL_THREAD] No incoming tasks
2021-01-05 17:02:00.445 parsl:246 Rank:0 [DEBUG]  [TASK_PULL_THREAD] ready workers:27, pending tasks:0
2021-01-05 17:02:00.446 parsl:254 Rank:0 [DEBUG]  [TASK_PULL_THREAD] Requesting tasks: 27
2021-01-05 17:02:00.446 parsl.executors.high_throughput.executor:186 Rank:0 [DEBUG]  Initializing HighThroughputExecutor
2021-01-05 17:02:00.447 parsl.addresses:63 Rank:0 [DEBUG]  Finding address by using local hostname
2021-01-05 17:02:00.447 parsl.addresses:65 Rank:0 [DEBUG]  Address found: cri16cn001
2021-01-05 17:02:00.448 parsl.executors.high_throughput.executor:186 Rank:0 [DEBUG]  Initializing HighThroughputExecutor
2021-01-05 17:02:00.486 parsl:285 Rank:0 [DEBUG]  [TASK_PULL_THREAD] No incoming tasks
2021-01-05 17:02:00.486 parsl:246 Rank:0 [DEBUG]  [TASK_PULL_THREAD] ready workers:27, pending tasks:0
2021-01-05 17:02:00.486 parsl:254 Rank:0 [DEBUG]  [TASK_PULL_THREAD] Requesting tasks: 27
2021-01-05 17:02:00.566 parsl:285 Rank:0 [DEBUG]  [TASK_PULL_THREAD] No incoming tasks
2021-01-05 17:02:00.567 parsl:246 Rank:0 [DEBUG]  [TASK_PULL_THREAD] ready workers:27, pending tasks:0
2021-01-05 17:02:00.567 parsl:254 Rank:0 [DEBUG]  [TASK_PULL_THREAD] Requesting tasks: 27
2021-01-05 17:02:00.727 parsl:285 Rank:0 [DEBUG]  [TASK_PULL_THREAD] No incoming tasks
2021-01-05 17:02:00.727 parsl:246 Rank:0 [DEBUG]  [TASK_PULL_THREAD] ready workers:27, pending tasks:0
2021-01-05 17:02:00.727 parsl:254 Rank:0 [DEBUG]  [TASK_PULL_THREAD] Requesting tasks: 27
2021-01-05 17:02:01.048 parsl:285 Rank:0 [DEBUG]  [TASK_PULL_THREAD] No incoming tasks
2021-01-05 17:02:01.048 parsl:246 Rank:0 [DEBUG]  [TASK_PULL_THREAD] ready workers:27, pending tasks:0
2021-01-05 17:02:01.048 parsl:254 Rank:0 [DEBUG]  [TASK_PULL_THREAD] Requesting tasks: 27
