2020-12-18 12:20:13.842 parsl.dataflow.dflow:82 [DEBUG]  Starting DataFlowKernel with config
Config(
    app_cache=True, 
    checkpoint_files=None, 
    checkpoint_mode=None, 
    checkpoint_period=None, 
    data_management_max_threads=10, 
    executors=[HighThroughputExecutor(
        address='10.50.178.250', 
        address_probe_timeout=None, 
        cores_per_worker=1, 
        heartbeat_period=30, 
        heartbeat_threshold=120, 
        interchange_port_range=(55000, 56000), 
        label='gardner_plink_1ppn', 
        launch_cmd='process_worker_pool.py {debug} {max_workers} -a {addresses} -p {prefetch_capacity} -c {cores_per_worker} -m {mem_per_worker} --poll {poll_period} --task_port={task_port} --result_port={result_port} --logdir={logdir} --block_id={{block_id}} --hb_period={heartbeat_period} {address_probe_timeout_string} --hb_threshold={heartbeat_threshold} ', 
        managed=True, 
        max_workers=inf, 
        mem_per_worker=None, 
        poll_period=10, 
        prefetch_capacity=0, 
        provider=TorqueProvider(
            account=None, 
            channel=LocalChannel(
                envs={}, 
                script_dir=None, 
                userhome='/gpfs/data/gao-lab/Julian/gaolab_hub/projects/prs_aa_ancestry/cri/sbayesr_parsl'
            ), 
            cmd_timeout=120, 
            init_blocks=1, 
            launcher=SingleNodeLauncher(), 
            max_blocks=1, 
            min_blocks=0, 
            nodes_per_block=1, 
            parallelism=1, 
            queue=None, 
            scheduler_options='#PBS -l mem=2gb', 
            walltime='01:00:00', 
            worker_init="module load gcc/6.2.0; module load plink/2.0; module load python/3.8.1; python3 -c 'import parsl; print(parsl.__version__)'"
        ), 
        storage_access=None, 
        worker_debug=False, 
        worker_logdir_root=None, 
        worker_port_range=(54000, 55000), 
        worker_ports=None, 
        working_dir=None
    )], 
    initialize_logging=True, 
    max_idletime=120.0, 
    monitoring=None, 
    retries=0, 
    run_dir='runinfo', 
    strategy='simple', 
    usage_tracking=False
)
2020-12-18 12:20:13.843 parsl.dataflow.dflow:87 [INFO]  Parsl version: 1.0.0
2020-12-18 12:20:13.843 parsl.dataflow.usage_tracking.usage:126 [DEBUG]  Tracking status: False
2020-12-18 12:20:13.844 parsl.dataflow.dflow:114 [INFO]  Run id is: 74ef02d0-9f52-4d7d-b7a2-d44930822333
2020-12-18 12:20:14.247 parsl.dataflow.memoization:128 [INFO]  App caching initialized
2020-12-18 12:20:14.248 parsl.dataflow.strategy:128 [DEBUG]  Scaling strategy: simple
2020-12-18 12:20:14.254 parsl.executors.high_throughput.executor:457 [DEBUG]  Starting queue management thread
2020-12-18 12:20:14.255 parsl.executors.high_throughput.executor:341 [DEBUG]  [MTHREAD] queue management worker starting
2020-12-18 12:20:14.255 parsl.executors.high_throughput.executor:461 [DEBUG]  Started queue management thread
2020-12-18 12:20:14.289 parsl.executors.high_throughput.executor:304 [DEBUG]  Created management thread: <Thread(HTEX-Queue-Management-Thread, started daemon 139655202723584)>
2020-12-18 12:20:14.290 parsl.executors.high_throughput.executor:280 [DEBUG]  Launch command: process_worker_pool.py   -a 10.50.178.250 -p 0 -c 1 -m None --poll 10 --task_port=54728 --result_port=54252 --logdir=/gpfs/data/gao-lab/Julian/gaolab_hub/projects/prs_aa_ancestry/cri/sbayesr_parsl/runinfo/000/gardner_plink_1ppn --block_id={block_id} --hb_period=30  --hb_threshold=120 
2020-12-18 12:20:14.290 parsl.executors.high_throughput.executor:283 [DEBUG]  Starting HighThroughputExecutor with provider:
TorqueProvider(
    account=None, 
    channel=LocalChannel(
        envs={}, 
        script_dir='/gpfs/data/gao-lab/Julian/gaolab_hub/projects/prs_aa_ancestry/cri/sbayesr_parsl/runinfo/000/submit_scripts', 
        userhome='/gpfs/data/gao-lab/Julian/gaolab_hub/projects/prs_aa_ancestry/cri/sbayesr_parsl'
    ), 
    cmd_timeout=120, 
    init_blocks=1, 
    launcher=SingleNodeLauncher(), 
    max_blocks=1, 
    min_blocks=0, 
    nodes_per_block=1, 
    parallelism=1, 
    queue=None, 
    scheduler_options='#PBS -l mem=2gb', 
    walltime='01:00:00', 
    worker_init="module load gcc/6.2.0; module load plink/2.0; module load python/3.8.1; python3 -c 'import parsl; print(parsl.__version__)'"
)
2020-12-18 12:20:14.302 parsl.providers.torque.torque:177 [DEBUG]  Requesting nodes_per_block:1 tasks_per_node:1
2020-12-18 12:20:14.303 parsl.providers.torque.torque:197 [DEBUG]  Writing submit script
2020-12-18 12:20:14.405 parsl.executors.high_throughput.executor:581 [DEBUG]  Launched block 0->27363021.cri16sc001
2020-12-18 12:20:14.428 parsl.dataflow.task_status_poller:74 [DEBUG]  Adding executor gardner_plink_1ppn
2020-12-18 12:20:14.430 parsl.dataflow.dflow:533 [DEBUG]  Adding output dependencies
2020-12-18 12:20:14.430 parsl.dataflow.dflow:772 [INFO]  Task 0 submitted for App echo_hello, not waiting on any dependency
2020-12-18 12:20:14.430 parsl.dataflow.dflow:780 [DEBUG]  Task 0 set to pending state with AppFuture: <AppFuture super=<AppFuture at 0x7f0413b322d0 state=pending>>
2020-12-18 12:20:14.431 parsl.dataflow.memoization:196 [DEBUG]  Task 0 will not be memoized
2020-12-18 12:20:14.431 parsl.executors.high_throughput.executor:546 [DEBUG]  Pushing function <function echo_hello at 0x7f042780ba50> to queue with args (<function echo_hello at 0x7f0413b6dcd0>,)
2020-12-18 12:20:15.248 parsl.dataflow.task_status_poller:62 [DEBUG]  Polling
2020-12-18 12:20:15.249 parsl.dataflow.task_status_poller:26 [DEBUG]  Polling gardner_plink_1ppn
2020-12-18 12:20:15.303 parsl.providers.torque.torque:129 [DEBUG]  coerced job_id 27363021.cri16sc001 -> 27363021.cri16sc001
2020-12-18 12:20:15.307 parsl.dataflow.strategy:204 [DEBUG]  Executor gardner_plink_1ppn has 0 active tasks, 0/1 running/pending blocks, and 0 connected workers
2020-12-18 12:20:15.307 parsl.dataflow.strategy:230 [DEBUG]  Executor gardner_plink_1ppn has 0 active tasks; starting kill timer (if idle time exceeds 120.0s, resources will be removed)
2020-12-18 12:20:16.247 parsl.dataflow.dflow:500 [INFO]  Task 0 launched on executor gardner_plink_1ppn
2020-12-18 12:20:20.248 parsl.dataflow.task_status_poller:62 [DEBUG]  Polling
2020-12-18 12:20:20.251 parsl.dataflow.strategy:204 [DEBUG]  Executor gardner_plink_1ppn has 1 active tasks, 0/1 running/pending blocks, and 0 connected workers
2020-12-18 12:20:25.249 parsl.dataflow.task_status_poller:62 [DEBUG]  Polling
2020-12-18 12:20:25.251 parsl.dataflow.strategy:204 [DEBUG]  Executor gardner_plink_1ppn has 1 active tasks, 0/1 running/pending blocks, and 0 connected workers
2020-12-18 12:20:30.249 parsl.dataflow.task_status_poller:62 [DEBUG]  Polling
2020-12-18 12:20:30.251 parsl.dataflow.strategy:204 [DEBUG]  Executor gardner_plink_1ppn has 1 active tasks, 0/1 running/pending blocks, and 0 connected workers
2020-12-18 12:20:35.249 parsl.dataflow.task_status_poller:62 [DEBUG]  Polling
2020-12-18 12:20:35.252 parsl.dataflow.strategy:204 [DEBUG]  Executor gardner_plink_1ppn has 1 active tasks, 0/1 running/pending blocks, and 0 connected workers
2020-12-18 12:20:40.249 parsl.dataflow.task_status_poller:62 [DEBUG]  Polling
2020-12-18 12:20:40.252 parsl.dataflow.strategy:204 [DEBUG]  Executor gardner_plink_1ppn has 1 active tasks, 0/1 running/pending blocks, and 0 connected workers
2020-12-18 12:20:45.249 parsl.dataflow.task_status_poller:62 [DEBUG]  Polling
2020-12-18 12:20:45.252 parsl.dataflow.strategy:204 [DEBUG]  Executor gardner_plink_1ppn has 1 active tasks, 0/1 running/pending blocks, and 0 connected workers
2020-12-18 12:20:50.250 parsl.dataflow.task_status_poller:62 [DEBUG]  Polling
2020-12-18 12:20:50.252 parsl.dataflow.strategy:204 [DEBUG]  Executor gardner_plink_1ppn has 1 active tasks, 0/1 running/pending blocks, and 0 connected workers
2020-12-18 12:20:55.250 parsl.dataflow.task_status_poller:62 [DEBUG]  Polling
2020-12-18 12:20:55.252 parsl.dataflow.strategy:204 [DEBUG]  Executor gardner_plink_1ppn has 1 active tasks, 0/1 running/pending blocks, and 0 connected workers
2020-12-18 12:21:00.250 parsl.dataflow.task_status_poller:62 [DEBUG]  Polling
2020-12-18 12:21:00.253 parsl.dataflow.strategy:204 [DEBUG]  Executor gardner_plink_1ppn has 1 active tasks, 0/1 running/pending blocks, and 0 connected workers
2020-12-18 12:21:05.250 parsl.dataflow.task_status_poller:62 [DEBUG]  Polling
2020-12-18 12:21:05.253 parsl.dataflow.strategy:204 [DEBUG]  Executor gardner_plink_1ppn has 1 active tasks, 0/1 running/pending blocks, and 0 connected workers
2020-12-18 12:21:10.250 parsl.dataflow.task_status_poller:62 [DEBUG]  Polling
2020-12-18 12:21:10.253 parsl.dataflow.strategy:204 [DEBUG]  Executor gardner_plink_1ppn has 1 active tasks, 0/1 running/pending blocks, and 0 connected workers
2020-12-18 12:21:15.250 parsl.dataflow.task_status_poller:62 [DEBUG]  Polling
2020-12-18 12:21:15.251 parsl.dataflow.task_status_poller:26 [DEBUG]  Polling gardner_plink_1ppn
2020-12-18 12:21:15.299 parsl.providers.torque.torque:129 [DEBUG]  coerced job_id 27363021.cri16sc001 -> 27363021.cri16sc001
2020-12-18 12:21:15.302 parsl.dataflow.strategy:204 [DEBUG]  Executor gardner_plink_1ppn has 1 active tasks, 0/1 running/pending blocks, and 0 connected workers
2020-12-18 12:21:20.251 parsl.dataflow.task_status_poller:62 [DEBUG]  Polling
2020-12-18 12:21:20.253 parsl.dataflow.strategy:204 [DEBUG]  Executor gardner_plink_1ppn has 1 active tasks, 0/1 running/pending blocks, and 0 connected workers
2020-12-18 12:21:25.251 parsl.dataflow.task_status_poller:62 [DEBUG]  Polling
2020-12-18 12:21:25.253 parsl.dataflow.strategy:204 [DEBUG]  Executor gardner_plink_1ppn has 1 active tasks, 0/1 running/pending blocks, and 0 connected workers
2020-12-18 12:21:30.251 parsl.dataflow.task_status_poller:62 [DEBUG]  Polling
2020-12-18 12:21:30.253 parsl.dataflow.strategy:204 [DEBUG]  Executor gardner_plink_1ppn has 1 active tasks, 0/1 running/pending blocks, and 0 connected workers
2020-12-18 12:21:35.251 parsl.dataflow.task_status_poller:62 [DEBUG]  Polling
2020-12-18 12:21:35.254 parsl.dataflow.strategy:204 [DEBUG]  Executor gardner_plink_1ppn has 1 active tasks, 0/1 running/pending blocks, and 0 connected workers
2020-12-18 12:21:40.251 parsl.dataflow.task_status_poller:62 [DEBUG]  Polling
2020-12-18 12:21:40.254 parsl.dataflow.strategy:204 [DEBUG]  Executor gardner_plink_1ppn has 1 active tasks, 0/1 running/pending blocks, and 0 connected workers
2020-12-18 12:21:45.252 parsl.dataflow.task_status_poller:62 [DEBUG]  Polling
2020-12-18 12:21:45.254 parsl.dataflow.strategy:204 [DEBUG]  Executor gardner_plink_1ppn has 1 active tasks, 0/1 running/pending blocks, and 0 connected workers
2020-12-18 12:21:50.252 parsl.dataflow.task_status_poller:62 [DEBUG]  Polling
2020-12-18 12:21:50.254 parsl.dataflow.strategy:204 [DEBUG]  Executor gardner_plink_1ppn has 1 active tasks, 0/1 running/pending blocks, and 0 connected workers
2020-12-18 12:21:55.252 parsl.dataflow.task_status_poller:62 [DEBUG]  Polling
2020-12-18 12:21:55.255 parsl.dataflow.strategy:204 [DEBUG]  Executor gardner_plink_1ppn has 1 active tasks, 0/1 running/pending blocks, and 0 connected workers
2020-12-18 12:22:00.252 parsl.dataflow.task_status_poller:62 [DEBUG]  Polling
2020-12-18 12:22:00.255 parsl.dataflow.strategy:204 [DEBUG]  Executor gardner_plink_1ppn has 1 active tasks, 0/1 running/pending blocks, and 0 connected workers
2020-12-18 12:22:04.568 parsl.dataflow.dflow:913 [INFO]  DFK cleanup initiated
2020-12-18 12:22:04.568 parsl.dataflow.dflow:816 [INFO]  Summary of tasks in DFK:
2020-12-18 12:22:04.569 parsl.dataflow.dflow:829 [INFO]  Tasks in state States.launched: 1
2020-12-18 12:22:04.569 parsl.dataflow.dflow:835 [INFO]  End of summary
2020-12-18 12:22:04.570 parsl.dataflow.dflow:937 [INFO]  Terminating flow_control and strategy threads
2020-12-18 12:22:04.620 parsl.executors.high_throughput.executor:642 [INFO]  Attempting HighThroughputExecutor shutdown
2020-12-18 12:22:04.621 parsl.executors.high_throughput.executor:644 [INFO]  Finished HighThroughputExecutor shutdown attempt
2020-12-18 12:22:04.621 parsl.executors.threads:105 [DEBUG]  Done with executor shutdown
2020-12-18 12:22:04.621 parsl.dataflow.dflow:960 [INFO]  DFK cleanup complete
